B373010
C373010
D373010
E373010
F373010
G373010
H373010
I373010
J373010
K373010
L373010
M373010
N373010
O373010
P373010
Q373010
R373010
S373010
T373010
U373010
V373010
W373010
X373010
Y373010
Z373010
373010
A383010
B383010
C383010
D383010
E383010
F383010
G383010
aswed
aswed00001111
aswed0000ASWED1111
R443010
S443010
T443010
U443010
V443010
W443010
X443010
Y443010
Z443010
443010
A453010
B453010
C453010
D453010
E453010
F453010
G453010
H453010
I453010
J453010
K453010
L453010
M453010
N453010
O453010
P453010
Q453010
R453010
S453010
T453010
U453010
V453010
W453010
X453010
Y453010
Z453010
453010
A463010
B463010
C463010
D463010
E463010
F463010
G463010
H463010
I463010
J463010
K463010
L463010
M463010
N463010
O463010
P463010
Q463010
R463010
S463010
T463010
U463010
V463010
W463010
X463010
Y463010
Z463010
463010
A473010
B473010
C473010
D473010
E473010
F473010
G473010
H473010
I473010
J473010
K473010
L473010
M473010
N473010
O473010
P473010
Q473010
R473010
S473010
T473010
U473010
V473010
W473010
X473010
Y473010
Z473010
473010
A483010
B483010
C483010
D483010
E483010
F483010
G483010
H483010
I483010
J483010
K483010
L483010
M483010
N483010
O483010
P483010
Q483010
R483010
S483010
T483010
U483010
V483010
W483010
X483010
Y483010
Z483010
483010
A493010
B493010
C493010
D493010
E493010
F493010
G493010
H493010
I493010
J493010
K493010
L493010
M493010
N493010
O493010
P493010
Q493010
R493010
S493010
T493010
U493010
V493010
W493010
X493010
Y493010
Z493010
493010
A503010
B503010
C503010
D503010
E503010
F503010
G503010
H503010
I503010
J503010
K503010
L503010
M503010
N503010
O503010
P503010
Q503010
R503010
S503010
T503010
U503010
V503010
W503010
X503010
Y503010
Z503010
503010
A513010
B513010
C513010
D513010
E513010
F513010
G513010
H513010
I513010
J513010
K513010
L513010
M513010
N513010
O513010
P513010
Q513010
R513010
S513010
T513010
U513010
V513010
W513010
X513010
Y513010
Z513010
513010
A523010
B523010
C523010
D523010
E523010
F523010
G523010
H523010
I523010
J523010
K523010
L523010
M523010
N523010
O523010
P523010
Q523010
R523010
S523010
T523010
U523010
V523010
W523010
X523010
Y523010
Z523010
523010
A533010
B533010
C533010
D533010
E533010
F533010
G533010
H533010
I533010
J533010
K533010
L533010
M533010
N533010
O533010
P533010
Q533010
R533010
S533010
T533010
U533010
V533010
W533010
X533010
Y533010
Z533010
533010
A543010
B543010
C543010
D543010
E543010
F543010
G543010
H543010
I543010
J543010
K543010
L543010
M543010
N543010
O543010
P543010
Q543010
R543010
S543010
T543010
U543010
V543010
W543010
X543010
Y543010
Z543010
543010
A553010
B553010
C553010
D553010
E553010
F553010
G553010
H553010
I553010
J553010
K553010
L553010
M553010
N553010
O553010
